<?xml version="1.0" encoding="UTF-8"?>
<testsuite xmlns:xsi="http://www.w3.org/2001/XMLSchema-instance" xsi:noNamespaceSchemaLocation="https://maven.apache.org/surefire/maven-surefire-plugin/xsd/surefire-test-report-3.0.xsd" version="3.0" name="com.rachvik.clients.ClientsApplicationTests" time="1.41" tests="1" errors="0" skipped="0" failures="0">
  <properties>
[...]
</properties>
  <testcase name="contextLoads" classname="com.rachvik.clients.ClientsApplicationTests" time="0.551">
    <system-out><![CDATA[23:51:47.377 [main] INFO org.springframework.test.context.support.AnnotationConfigContextLoaderUtils -- Could not detect default configuration classes for test class [com.rachvik.clients.ClientsApplicationTests]: ClientsApplicationTests does not declare any static, non-private, non-final, nested classes annotated with @Configuration.
23:51:47.423 [main] INFO org.springframework.boot.test.context.SpringBootTestContextBootstrapper -- Found @SpringBootConfiguration com.rachvik.clients.ClientsApplication for test class com.rachvik.clients.ClientsApplicationTests

  .   ____          _            __ _ _
 /\\ / ___'_ __ _ _(_)_ __  __ _ \ \ \ \
( ( )\___ | '_ | '_| | '_ \/ _` | \ \ \ \
 \\/  ___)| |_)| | | | | || (_| |  ) ) ) )
  '  |____| .__|_| |_|_| |_\__, | / / / /
 =========|_|==============|___/=/_/_/_/
 :: Spring Boot ::                (v3.2.1)

2023-12-28T23:51:47.601+05:30  INFO 16817 --- [           main] c.r.clients.ClientsApplicationTests      : Starting ClientsApplicationTests using Java 20.0.2 with PID 16817 (started by avi in /Users/avi/work/repo/rachvik/clients)
2023-12-28T23:51:47.602+05:30  INFO 16817 --- [           main] c.r.clients.ClientsApplicationTests      : No active profile set, falling back to 1 default profile: "default"
2023-12-28T23:51:47.976+05:30  INFO 16817 --- [           main] g.s.a.GrpcServerFactoryAutoConfiguration : Detected grpc-netty: Creating NettyGrpcServerFactory
2023-12-28T23:51:48.069+05:30  INFO 16817 --- [           main] n.d.b.g.s.s.AbstractGrpcServerFactory    : Registered gRPC service: grpc.health.v1.Health, bean: grpcHealthService, class: io.grpc.protobuf.services.HealthServiceImpl
2023-12-28T23:51:48.070+05:30  INFO 16817 --- [           main] n.d.b.g.s.s.AbstractGrpcServerFactory    : Registered gRPC service: grpc.reflection.v1alpha.ServerReflection, bean: protoReflectionService, class: io.grpc.protobuf.services.ProtoReflectionService
2023-12-28T23:51:48.138+05:30  INFO 16817 --- [           main] n.d.b.g.s.s.GrpcServerLifecycle          : gRPC Server started, listening on address: *, port: 9090
2023-12-28T23:51:48.144+05:30  INFO 16817 --- [           main] c.r.clients.ClientsApplicationTests      : Started ClientsApplicationTests in 0.665 seconds (process running for 1.102)
]]></system-out>
  </testcase>
</testsuite>